2018-07-21T10:22:59+00:00 CRITICAL Uncaught Error: Call to undefined method Woo_PayPal_Gateway::get_paypal_sdk() in C:\xampp\htdocs\newlife\wp-content\plugins\a-payment\a-payment.php:38
Stack trace:
#0 C:\xampp\htdocs\newlife\wp-content\plugins\woocommerce\includes\class-wc-payment-gateways.php(108): Woo_PayPal_Gateway->__construct()
#1 C:\xampp\htdocs\newlife\wp-content\plugins\woocommerce\includes\class-wc-payment-gateways.php(70): WC_Payment_Gateways->init()
#2 C:\xampp\htdocs\newlife\wp-content\plugins\woocommerce\includes\class-wc-payment-gateways.php(43): WC_Payment_Gateways->__construct()
#3 C:\xampp\htdocs\newlife\wp-content\plugins\woocommerce\includes\class-woocommerce.php(667): WC_Payment_Gateways::instance()
#4 C:\xampp\htdocs\newlife\wp-content\plugins\woocommerce\includes\wc-template-functions.php(64): WooCommerce->payment_gateways()
#5 C:\xampp\htdocs\newlife\wp-includes\class-wp-hook.php(286): wc_template_redirect('')
#6 C:\xampp\htdocs\newlife\wp-includes\class-wp-hook.php(310): WP_Hook->apply_filters(NULL, Array)
#7 C:\xampp\

2018-07-21T11:00:48+00:00 CRITICAL Uncaught Error: Call to undefined method Woo_PayPal_Gateway::get_paypal_sdk() in C:\xampp\htdocs\newlife\wp-content\plugins\a-payment\a-payment.php:43
Stack trace:
#0 C:\xampp\htdocs\newlife\wp-content\plugins\woocommerce\includes\class-wc-payment-gateways.php(108): Woo_PayPal_Gateway->__construct()
#1 C:\xampp\htdocs\newlife\wp-content\plugins\woocommerce\includes\class-wc-payment-gateways.php(70): WC_Payment_Gateways->init()
#2 C:\xampp\htdocs\newlife\wp-content\plugins\woocommerce\includes\class-wc-payment-gateways.php(43): WC_Payment_Gateways->__construct()
#3 C:\xampp\htdocs\newlife\wp-content\plugins\woocommerce\includes\class-woocommerce.php(667): WC_Payment_Gateways::instance()
#4 C:\xampp\htdocs\newlife\wp-content\plugins\woocommerce\includes\wc-template-functions.php(64): WooCommerce->payment_gateways()
#5 C:\xampp\htdocs\newlife\wp-includes\class-wp-hook.php(286): wc_template_redirect('')
#6 C:\xampp\htdocs\newlife\wp-includes\class-wp-hook.php(310): WP_Hook->apply_filters(NULL, Array)
#7 C:\xampp\

2018-07-21T11:01:37+00:00 CRITICAL Uncaught Error: Call to undefined method Woo_PayPal_Gateway::get_paypal_sdk() in C:\xampp\htdocs\newlife\wp-content\plugins\a-payment\a-payment.php:41
Stack trace:
#0 C:\xampp\htdocs\newlife\wp-content\plugins\woocommerce\includes\class-wc-payment-gateways.php(108): Woo_PayPal_Gateway->__construct()
#1 C:\xampp\htdocs\newlife\wp-content\plugins\woocommerce\includes\class-wc-payment-gateways.php(70): WC_Payment_Gateways->init()
#2 C:\xampp\htdocs\newlife\wp-content\plugins\woocommerce\includes\class-wc-payment-gateways.php(43): WC_Payment_Gateways->__construct()
#3 C:\xampp\htdocs\newlife\wp-content\plugins\woocommerce\includes\class-woocommerce.php(667): WC_Payment_Gateways::instance()
#4 C:\xampp\htdocs\newlife\wp-content\plugins\woocommerce\includes\wc-template-functions.php(64): WooCommerce->payment_gateways()
#5 C:\xampp\htdocs\newlife\wp-includes\class-wp-hook.php(286): wc_template_redirect('')
#6 C:\xampp\htdocs\newlife\wp-includes\class-wp-hook.php(310): WP_Hook->apply_filters(NULL, Array)
#7 C:\xampp\

2018-07-21T11:02:59+00:00 CRITICAL Uncaught Error: Call to undefined method Woo_PayPal_Gateway::get_paypal_sdk() in C:\xampp\htdocs\newlife\wp-content\plugins\a-payment\a-payment.php:41
Stack trace:
#0 C:\xampp\htdocs\newlife\wp-content\plugins\woocommerce\includes\class-wc-payment-gateways.php(108): Woo_PayPal_Gateway->__construct()
#1 C:\xampp\htdocs\newlife\wp-content\plugins\woocommerce\includes\class-wc-payment-gateways.php(70): WC_Payment_Gateways->init()
#2 C:\xampp\htdocs\newlife\wp-content\plugins\woocommerce\includes\class-wc-payment-gateways.php(43): WC_Payment_Gateways->__construct()
#3 C:\xampp\htdocs\newlife\wp-content\plugins\woocommerce\includes\class-woocommerce.php(667): WC_Payment_Gateways::instance()
#4 C:\xampp\htdocs\newlife\wp-content\plugins\woocommerce\includes\wc-template-functions.php(64): WooCommerce->payment_gateways()
#5 C:\xampp\htdocs\newlife\wp-includes\class-wp-hook.php(286): wc_template_redirect('')
#6 C:\xampp\htdocs\newlife\wp-includes\class-wp-hook.php(310): WP_Hook->apply_filters(NULL, Array)
#7 C:\xampp\

2018-07-21T11:03:01+00:00 CRITICAL Uncaught Error: Call to undefined method Woo_PayPal_Gateway::get_paypal_sdk() in C:\xampp\htdocs\newlife\wp-content\plugins\a-payment\a-payment.php:41
Stack trace:
#0 C:\xampp\htdocs\newlife\wp-content\plugins\woocommerce\includes\class-wc-payment-gateways.php(108): Woo_PayPal_Gateway->__construct()
#1 C:\xampp\htdocs\newlife\wp-content\plugins\woocommerce\includes\class-wc-payment-gateways.php(70): WC_Payment_Gateways->init()
#2 C:\xampp\htdocs\newlife\wp-content\plugins\woocommerce\includes\class-wc-payment-gateways.php(43): WC_Payment_Gateways->__construct()
#3 C:\xampp\htdocs\newlife\wp-content\plugins\woocommerce\includes\class-woocommerce.php(667): WC_Payment_Gateways::instance()
#4 C:\xampp\htdocs\newlife\wp-content\plugins\woocommerce\includes\wc-template-functions.php(64): WooCommerce->payment_gateways()
#5 C:\xampp\htdocs\newlife\wp-includes\class-wp-hook.php(286): wc_template_redirect('')
#6 C:\xampp\htdocs\newlife\wp-includes\class-wp-hook.php(310): WP_Hook->apply_filters(NULL, Array)
#7 C:\xampp\

2018-07-21T11:03:02+00:00 CRITICAL Uncaught Error: Call to undefined method Woo_PayPal_Gateway::get_paypal_sdk() in C:\xampp\htdocs\newlife\wp-content\plugins\a-payment\a-payment.php:41
Stack trace:
#0 C:\xampp\htdocs\newlife\wp-content\plugins\woocommerce\includes\class-wc-payment-gateways.php(108): Woo_PayPal_Gateway->__construct()
#1 C:\xampp\htdocs\newlife\wp-content\plugins\woocommerce\includes\class-wc-payment-gateways.php(70): WC_Payment_Gateways->init()
#2 C:\xampp\htdocs\newlife\wp-content\plugins\woocommerce\includes\class-wc-payment-gateways.php(43): WC_Payment_Gateways->__construct()
#3 C:\xampp\htdocs\newlife\wp-content\plugins\woocommerce\includes\class-woocommerce.php(667): WC_Payment_Gateways::instance()
#4 C:\xampp\htdocs\newlife\wp-content\plugins\woocommerce\includes\wc-template-functions.php(64): WooCommerce->payment_gateways()
#5 C:\xampp\htdocs\newlife\wp-includes\class-wp-hook.php(286): wc_template_redirect('')
#6 C:\xampp\htdocs\newlife\wp-includes\class-wp-hook.php(310): WP_Hook->apply_filters(NULL, Array)
#7 C:\xampp\

2018-07-21T11:03:03+00:00 CRITICAL Uncaught Error: Call to undefined method Woo_PayPal_Gateway::get_paypal_sdk() in C:\xampp\htdocs\newlife\wp-content\plugins\a-payment\a-payment.php:41
Stack trace:
#0 C:\xampp\htdocs\newlife\wp-content\plugins\woocommerce\includes\class-wc-payment-gateways.php(108): Woo_PayPal_Gateway->__construct()
#1 C:\xampp\htdocs\newlife\wp-content\plugins\woocommerce\includes\class-wc-payment-gateways.php(70): WC_Payment_Gateways->init()
#2 C:\xampp\htdocs\newlife\wp-content\plugins\woocommerce\includes\class-wc-payment-gateways.php(43): WC_Payment_Gateways->__construct()
#3 C:\xampp\htdocs\newlife\wp-content\plugins\woocommerce\includes\class-woocommerce.php(667): WC_Payment_Gateways::instance()
#4 C:\xampp\htdocs\newlife\wp-content\plugins\woocommerce\includes\wc-template-functions.php(64): WooCommerce->payment_gateways()
#5 C:\xampp\htdocs\newlife\wp-includes\class-wp-hook.php(286): wc_template_redirect('')
#6 C:\xampp\htdocs\newlife\wp-includes\class-wp-hook.php(310): WP_Hook->apply_filters(NULL, Array)
#7 C:\xampp\

2018-07-21T11:03:04+00:00 CRITICAL Uncaught Error: Call to undefined method Woo_PayPal_Gateway::get_paypal_sdk() in C:\xampp\htdocs\newlife\wp-content\plugins\a-payment\a-payment.php:41
Stack trace:
#0 C:\xampp\htdocs\newlife\wp-content\plugins\woocommerce\includes\class-wc-payment-gateways.php(108): Woo_PayPal_Gateway->__construct()
#1 C:\xampp\htdocs\newlife\wp-content\plugins\woocommerce\includes\class-wc-payment-gateways.php(70): WC_Payment_Gateways->init()
#2 C:\xampp\htdocs\newlife\wp-content\plugins\woocommerce\includes\class-wc-payment-gateways.php(43): WC_Payment_Gateways->__construct()
#3 C:\xampp\htdocs\newlife\wp-content\plugins\woocommerce\includes\class-woocommerce.php(667): WC_Payment_Gateways::instance()
#4 C:\xampp\htdocs\newlife\wp-content\plugins\woocommerce\includes\wc-template-functions.php(64): WooCommerce->payment_gateways()
#5 C:\xampp\htdocs\newlife\wp-includes\class-wp-hook.php(286): wc_template_redirect('')
#6 C:\xampp\htdocs\newlife\wp-includes\class-wp-hook.php(310): WP_Hook->apply_filters(NULL, Array)
#7 C:\xampp\

2018-07-21T11:03:43+00:00 CRITICAL Uncaught Error: Call to undefined method Woo_PayPal_Gateway::get_paypal_sdk() in C:\xampp\htdocs\newlife\wp-content\plugins\a-payment\a-payment.php:43
Stack trace:
#0 C:\xampp\htdocs\newlife\wp-content\plugins\woocommerce\includes\class-wc-payment-gateways.php(108): Woo_PayPal_Gateway->__construct()
#1 C:\xampp\htdocs\newlife\wp-content\plugins\woocommerce\includes\class-wc-payment-gateways.php(70): WC_Payment_Gateways->init()
#2 C:\xampp\htdocs\newlife\wp-content\plugins\woocommerce\includes\class-wc-payment-gateways.php(43): WC_Payment_Gateways->__construct()
#3 C:\xampp\htdocs\newlife\wp-content\plugins\woocommerce\includes\class-woocommerce.php(667): WC_Payment_Gateways::instance()
#4 C:\xampp\htdocs\newlife\wp-content\plugins\woocommerce\includes\wc-template-functions.php(64): WooCommerce->payment_gateways()
#5 C:\xampp\htdocs\newlife\wp-includes\class-wp-hook.php(286): wc_template_redirect('')
#6 C:\xampp\htdocs\newlife\wp-includes\class-wp-hook.php(310): WP_Hook->apply_filters(NULL, Array)
#7 C:\xampp\

2018-07-21T11:03:45+00:00 CRITICAL Uncaught Error: Call to undefined method Woo_PayPal_Gateway::get_paypal_sdk() in C:\xampp\htdocs\newlife\wp-content\plugins\a-payment\a-payment.php:43
Stack trace:
#0 C:\xampp\htdocs\newlife\wp-content\plugins\woocommerce\includes\class-wc-payment-gateways.php(108): Woo_PayPal_Gateway->__construct()
#1 C:\xampp\htdocs\newlife\wp-content\plugins\woocommerce\includes\class-wc-payment-gateways.php(70): WC_Payment_Gateways->init()
#2 C:\xampp\htdocs\newlife\wp-content\plugins\woocommerce\includes\class-wc-payment-gateways.php(43): WC_Payment_Gateways->__construct()
#3 C:\xampp\htdocs\newlife\wp-content\plugins\woocommerce\includes\class-woocommerce.php(667): WC_Payment_Gateways::instance()
#4 C:\xampp\htdocs\newlife\wp-content\plugins\woocommerce\includes\wc-template-functions.php(64): WooCommerce->payment_gateways()
#5 C:\xampp\htdocs\newlife\wp-includes\class-wp-hook.php(286): wc_template_redirect('')
#6 C:\xampp\htdocs\newlife\wp-includes\class-wp-hook.php(310): WP_Hook->apply_filters(NULL, Array)
#7 C:\xampp\

2018-07-21T11:48:17+00:00 CRITICAL Uncaught Error: Call to undefined method Woo_PayPal_Gateway::field_name() in C:\xampp\htdocs\newlife\wp-content\plugins\a-payment\a-payment.php:113
Stack trace:
#0 C:\xampp\htdocs\newlife\wp-content\plugins\a-payment\a-payment.php(102): Woo_PayPal_Gateway->form()
#1 C:\xampp\htdocs\newlife\wp-content\plugins\a-payment\a-payment.php(36): Woo_PayPal_Gateway->payment_fields()
#2 C:\xampp\htdocs\newlife\wp-content\plugins\woocommerce\includes\class-wc-payment-gateways.php(108): Woo_PayPal_Gateway->__construct()
#3 C:\xampp\htdocs\newlife\wp-content\plugins\woocommerce\includes\class-wc-payment-gateways.php(70): WC_Payment_Gateways->init()
#4 C:\xampp\htdocs\newlife\wp-content\plugins\woocommerce\includes\class-wc-payment-gateways.php(43): WC_Payment_Gateways->__construct()
#5 C:\xampp\htdocs\newlife\wp-content\plugins\woocommerce\includes\class-woocommerce.php(667): WC_Payment_Gateways::instance()
#6 C:\xampp\htdocs\newlife\wp-content\plugins\woocommerce\includes\wc-template-functions.php(64): WooCommerce->paymen

2018-07-21T12:59:39+00:00 CRITICAL Uncaught Error: Call to undefined method WC_Payment_Gateway::form() in C:\xampp\htdocs\newlife\wp-content\plugins\a-payment\a-payment.php:102
Stack trace:
#0 C:\xampp\htdocs\newlife\wp-content\plugins\a-payment\a-payment.php(36): Woo_PayPal_Gateway->payment_fields()
#1 C:\xampp\htdocs\newlife\wp-content\plugins\woocommerce\includes\class-wc-payment-gateways.php(108): Woo_PayPal_Gateway->__construct()
#2 C:\xampp\htdocs\newlife\wp-content\plugins\woocommerce\includes\class-wc-payment-gateways.php(70): WC_Payment_Gateways->init()
#3 C:\xampp\htdocs\newlife\wp-content\plugins\woocommerce\includes\class-wc-payment-gateways.php(43): WC_Payment_Gateways->__construct()
#4 C:\xampp\htdocs\newlife\wp-content\plugins\woocommerce\includes\class-woocommerce.php(667): WC_Payment_Gateways::instance()
#5 C:\xampp\htdocs\newlife\wp-content\plugins\woocommerce\includes\wc-template-functions.php(64): WooCommerce->payment_gateways()
#6 C:\xampp\htdocs\newlife\wp-includes\class-wp-hook.php(286): wc_template_redirect('')
#7 C:\xa

2018-07-21T12:59:41+00:00 CRITICAL Uncaught Error: Call to undefined method WC_Payment_Gateway::form() in C:\xampp\htdocs\newlife\wp-content\plugins\a-payment\a-payment.php:102
Stack trace:
#0 C:\xampp\htdocs\newlife\wp-content\plugins\a-payment\a-payment.php(36): Woo_PayPal_Gateway->payment_fields()
#1 C:\xampp\htdocs\newlife\wp-content\plugins\woocommerce\includes\class-wc-payment-gateways.php(108): Woo_PayPal_Gateway->__construct()
#2 C:\xampp\htdocs\newlife\wp-content\plugins\woocommerce\includes\class-wc-payment-gateways.php(70): WC_Payment_Gateways->init()
#3 C:\xampp\htdocs\newlife\wp-content\plugins\woocommerce\includes\class-wc-payment-gateways.php(43): WC_Payment_Gateways->__construct()
#4 C:\xampp\htdocs\newlife\wp-content\plugins\woocommerce\includes\class-woocommerce.php(667): WC_Payment_Gateways::instance()
#5 C:\xampp\htdocs\newlife\wp-content\plugins\woocommerce\includes\wc-template-functions.php(64): WooCommerce->payment_gateways()
#6 C:\xampp\htdocs\newlife\wp-includes\class-wp-hook.php(286): wc_template_redirect('')
#7 C:\xa

2018-07-21T13:07:30+00:00 CRITICAL Uncaught Error: Call to undefined function dide() in C:\xampp\htdocs\newlife\wp-content\plugins\a-payment\a-payment.php:372
Stack trace:
#0 C:\xampp\htdocs\newlife\wp-includes\class-wp-hook.php(286): check_for_woopaypal('')
#1 C:\xampp\htdocs\newlife\wp-includes\class-wp-hook.php(310): WP_Hook->apply_filters(NULL, Array)
#2 C:\xampp\htdocs\newlife\wp-includes\plugin.php(453): WP_Hook->do_action(Array)
#3 C:\xampp\htdocs\newlife\wp-settings.php(450): do_action('init')
#4 C:\xampp\htdocs\newlife\wp-config.php(89): require_once('C:\\xampp\\htdocs...')
#5 C:\xampp\htdocs\newlife\wp-load.php(37): require_once('C:\\xampp\\htdocs...')
#6 C:\xampp\htdocs\newlife\wp-cron.php(33): require_once('C:\\xampp\\htdocs...')
#7 {main}
  thrown

2018-07-21T13:07:30+00:00 CRITICAL Uncaught Error: Call to undefined function dide() in C:\xampp\htdocs\newlife\wp-content\plugins\a-payment\a-payment.php:372
Stack trace:
#0 C:\xampp\htdocs\newlife\wp-includes\class-wp-hook.php(286): check_for_woopaypal('')
#1 C:\xampp\htdocs\newlife\wp-includes\class-wp-hook.php(310): WP_Hook->apply_filters(NULL, Array)
#2 C:\xampp\htdocs\newlife\wp-includes\plugin.php(453): WP_Hook->do_action(Array)
#3 C:\xampp\htdocs\newlife\wp-settings.php(450): do_action('init')
#4 C:\xampp\htdocs\newlife\wp-config.php(89): require_once('C:\\xampp\\htdocs...')
#5 C:\xampp\htdocs\newlife\wp-load.php(37): require_once('C:\\xampp\\htdocs...')
#6 C:\xampp\htdocs\newlife\wp-blog-header.php(13): require_once('C:\\xampp\\htdocs...')
#7 C:\xampp\htdocs\newlife\index.php(17): require('C:\\xampp\\htdocs...')
#8 {main}
  thrown

2018-07-21T13:07:30+00:00 CRITICAL Uncaught Error: Call to undefined function dide() in C:\xampp\htdocs\newlife\wp-content\plugins\a-payment\a-payment.php:372
Stack trace:
#0 C:\xampp\htdocs\newlife\wp-includes\class-wp-hook.php(286): check_for_woopaypal('')
#1 C:\xampp\htdocs\newlife\wp-includes\class-wp-hook.php(310): WP_Hook->apply_filters(NULL, Array)
#2 C:\xampp\htdocs\newlife\wp-includes\plugin.php(453): WP_Hook->do_action(Array)
#3 C:\xampp\htdocs\newlife\wp-settings.php(450): do_action('init')
#4 C:\xampp\htdocs\newlife\wp-config.php(89): require_once('C:\\xampp\\htdocs...')
#5 C:\xampp\htdocs\newlife\wp-load.php(37): require_once('C:\\xampp\\htdocs...')
#6 C:\xampp\htdocs\newlife\wp-cron.php(33): require_once('C:\\xampp\\htdocs...')
#7 {main}
  thrown

2018-07-21T13:07:31+00:00 CRITICAL Uncaught Error: Call to undefined function dide() in C:\xampp\htdocs\newlife\wp-content\plugins\a-payment\a-payment.php:372
Stack trace:
#0 C:\xampp\htdocs\newlife\wp-includes\class-wp-hook.php(286): check_for_woopaypal('')
#1 C:\xampp\htdocs\newlife\wp-includes\class-wp-hook.php(310): WP_Hook->apply_filters(NULL, Array)
#2 C:\xampp\htdocs\newlife\wp-includes\plugin.php(453): WP_Hook->do_action(Array)
#3 C:\xampp\htdocs\newlife\wp-settings.php(450): do_action('init')
#4 C:\xampp\htdocs\newlife\wp-config.php(89): require_once('C:\\xampp\\htdocs...')
#5 C:\xampp\htdocs\newlife\wp-load.php(37): require_once('C:\\xampp\\htdocs...')
#6 C:\xampp\htdocs\newlife\wp-blog-header.php(13): require_once('C:\\xampp\\htdocs...')
#7 C:\xampp\htdocs\newlife\index.php(17): require('C:\\xampp\\htdocs...')
#8 {main}
  thrown

